<?xml version="1.0" encoding="UTF-8" ?>
<testsuite failures="0" time="0.022" errors="0" skipped="0" tests="3" name="org.drools.guvnor.client.explorer.navigation.tasks.TasksNavigationItemBuilderTest">
  <properties>
[...]
</properties>
  <testcase time="0.014" classname="org.drools.guvnor.client.explorer.navigation.tasks.TasksNavigationItemBuilderTest" name="testAlwaysBuilds"/>
  <testcase time="0" classname="org.drools.guvnor.client.explorer.navigation.tasks.TasksNavigationItemBuilderTest" name="testHeader"/>
  <testcase time="0.008" classname="org.drools.guvnor.client.explorer.navigation.tasks.TasksNavigationItemBuilderTest" name="testContent"/>
</testsuite>